ERROR - 2023-03-07 22:47:58 --> Unknown column 'username' in 'where clause'
CRITICAL - 2023-03-07 22:47:58 --> Unknown column 'username' in 'where clause'
#0 /var/www/html/blog/system/Database/MySQLi/Connection.php(280): mysqli->query()
#1 /var/www/html/blog/system/Database/BaseConnection.php(663): CodeIgniter\Database\MySQLi\Connection->execute()
#2 /var/www/html/blog/system/Database/BaseConnection.php(591): CodeIgniter\Database\BaseConnection->simpleQuery()
#3 /var/www/html/blog/system/Database/BaseBuilder.php(1428): CodeIgniter\Database\BaseConnection->query()
#4 /var/www/html/blog/app/Controllers/Auth.php(23): CodeIgniter\Database\BaseBuilder->get()
#5 /var/www/html/blog/system/CodeIgniter.php(802): App\Controllers\Auth->verif()
#6 /var/www/html/blog/system/CodeIgniter.php(399): CodeIgniter\CodeIgniter->runController()
#7 /var/www/html/blog/system/CodeIgniter.php(317): CodeIgniter\CodeIgniter->handleRequest()
#8 /var/www/html/blog/public/index.php(36): CodeIgniter\CodeIgniter->run()
#9 {main}
ERROR - 2023-03-07 22:51:11 --> Table 'blog.lhp' doesn't exist
CRITICAL - 2023-03-07 22:51:11 --> Table 'blog.lhp' doesn't exist
#0 /var/www/html/blog/system/Database/MySQLi/Connection.php(280): mysqli->query()
#1 /var/www/html/blog/system/Database/BaseConnection.php(663): CodeIgniter\Database\MySQLi\Connection->execute()
#2 /var/www/html/blog/system/Database/BaseConnection.php(591): CodeIgniter\Database\BaseConnection->simpleQuery()
#3 /var/www/html/blog/system/Database/BaseBuilder.php(1428): CodeIgniter\Database\BaseConnection->query()
#4 /var/www/html/blog/app/Controllers/Admin.php(27): CodeIgniter\Database\BaseBuilder->get()
#5 /var/www/html/blog/system/CodeIgniter.php(802): App\Controllers\Admin->index()
#6 /var/www/html/blog/system/CodeIgniter.php(399): CodeIgniter\CodeIgniter->runController()
#7 /var/www/html/blog/system/CodeIgniter.php(317): CodeIgniter\CodeIgniter->handleRequest()
#8 /var/www/html/blog/public/index.php(36): CodeIgniter\CodeIgniter->run()
#9 {main}
ERROR - 2023-03-07 22:51:39 --> Table 'blog.lhp' doesn't exist
CRITICAL - 2023-03-07 22:51:39 --> Table 'blog.lhp' doesn't exist
#0 /var/www/html/blog/system/Database/MySQLi/Connection.php(280): mysqli->query()
#1 /var/www/html/blog/system/Database/BaseConnection.php(663): CodeIgniter\Database\MySQLi\Connection->execute()
#2 /var/www/html/blog/system/Database/BaseConnection.php(591): CodeIgniter\Database\BaseConnection->simpleQuery()
#3 /var/www/html/blog/system/Database/BaseBuilder.php(1428): CodeIgniter\Database\BaseConnection->query()
#4 /var/www/html/blog/app/Controllers/Admin.php(27): CodeIgniter\Database\BaseBuilder->get()
#5 /var/www/html/blog/system/CodeIgniter.php(802): App\Controllers\Admin->index()
#6 /var/www/html/blog/system/CodeIgniter.php(399): CodeIgniter\CodeIgniter->runController()
#7 /var/www/html/blog/system/CodeIgniter.php(317): CodeIgniter\CodeIgniter->handleRequest()
#8 /var/www/html/blog/public/index.php(36): CodeIgniter\CodeIgniter->run()
#9 {main}
CRITICAL - 2023-03-07 22:52:06 --> Invalid file: admin/index.php
#0 /var/www/html/blog/system/View/View.php(198): CodeIgniter\Exceptions\FrameworkException::forInvalidFile()
#1 /var/www/html/blog/system/Common.php(1092): CodeIgniter\View\View->render()
#2 /var/www/html/blog/app/Controllers/Admin.php(15): view()
#3 /var/www/html/blog/system/CodeIgniter.php(802): App\Controllers\Admin->index()
#4 /var/www/html/blog/system/CodeIgniter.php(399): CodeIgniter\CodeIgniter->runController()
#5 /var/www/html/blog/system/CodeIgniter.php(317): CodeIgniter\CodeIgniter->handleRequest()
#6 /var/www/html/blog/public/index.php(36): CodeIgniter\CodeIgniter->run()
#7 {main}
CRITICAL - 2023-03-07 23:12:48 --> Invalid file: admin/index.php
#0 /var/www/html/blog/system/View/View.php(198): CodeIgniter\Exceptions\FrameworkException::forInvalidFile()
#1 /var/www/html/blog/system/Common.php(1092): CodeIgniter\View\View->render()
#2 /var/www/html/blog/app/Controllers/Admin.php(15): view()
#3 /var/www/html/blog/system/CodeIgniter.php(802): App\Controllers\Admin->index()
#4 /var/www/html/blog/system/CodeIgniter.php(399): CodeIgniter\CodeIgniter->runController()
#5 /var/www/html/blog/system/CodeIgniter.php(317): CodeIgniter\CodeIgniter->handleRequest()
#6 /var/www/html/blog/public/index.php(36): CodeIgniter\CodeIgniter->run()
#7 {main}
CRITICAL - 2023-03-07 23:47:24 --> Too few arguments to function CodeIgniter\HTTP\IncomingRequest::getFile(), 0 passed in /var/www/html/blog/app/Controllers/Admin.php on line 20 and exactly 1 expected
#0 /var/www/html/blog/app/Controllers/Admin.php(20): CodeIgniter\HTTP\IncomingRequest->getFile()
#1 /var/www/html/blog/system/CodeIgniter.php(802): App\Controllers\Admin->save()
#2 /var/www/html/blog/system/CodeIgniter.php(399): CodeIgniter\CodeIgniter->runController()
#3 /var/www/html/blog/system/CodeIgniter.php(317): CodeIgniter\CodeIgniter->handleRequest()
#4 /var/www/html/blog/public/index.php(36): CodeIgniter\CodeIgniter->run()
#5 {main}
