CRITICAL - 2023-03-08 09:23:17 --> Trying to access array offset on value of type null
#0 /var/www/html/blog/app/Views/blog/blog_detail.php(17): CodeIgniter\Debug\Exceptions->errorHandler()
#1 /var/www/html/blog/system/View/View.php(214): include('/var/www/html/b...')
#2 /var/www/html/blog/system/View/View.php(217): CodeIgniter\View\View->CodeIgniter\View\{closure}()
#3 /var/www/html/blog/system/Common.php(1092): CodeIgniter\View\View->render()
#4 /var/www/html/blog/app/Controllers/Blog.php(28): view()
#5 /var/www/html/blog/system/CodeIgniter.php(802): App\Controllers\Blog->blog_detail()
#6 /var/www/html/blog/system/CodeIgniter.php(399): CodeIgniter\CodeIgniter->runController()
#7 /var/www/html/blog/system/CodeIgniter.php(317): CodeIgniter\CodeIgniter->handleRequest()
#8 /var/www/html/blog/public/index.php(36): CodeIgniter\CodeIgniter->run()
#9 {main}
CRITICAL - 2023-03-08 09:23:28 --> Trying to access array offset on value of type null
#0 /var/www/html/blog/app/Views/blog/blog_detail.php(17): CodeIgniter\Debug\Exceptions->errorHandler()
#1 /var/www/html/blog/system/View/View.php(214): include('/var/www/html/b...')
#2 /var/www/html/blog/system/View/View.php(217): CodeIgniter\View\View->CodeIgniter\View\{closure}()
#3 /var/www/html/blog/system/Common.php(1092): CodeIgniter\View\View->render()
#4 /var/www/html/blog/app/Controllers/Blog.php(28): view()
#5 /var/www/html/blog/system/CodeIgniter.php(802): App\Controllers\Blog->blog_detail()
#6 /var/www/html/blog/system/CodeIgniter.php(399): CodeIgniter\CodeIgniter->runController()
#7 /var/www/html/blog/system/CodeIgniter.php(317): CodeIgniter\CodeIgniter->handleRequest()
#8 /var/www/html/blog/public/index.php(36): CodeIgniter\CodeIgniter->run()
#9 {main}
CRITICAL - 2023-03-08 09:24:00 --> Trying to access array offset on value of type null
#0 /var/www/html/blog/app/Views/blog/blog_detail.php(17): CodeIgniter\Debug\Exceptions->errorHandler()
#1 /var/www/html/blog/system/View/View.php(214): include('/var/www/html/b...')
#2 /var/www/html/blog/system/View/View.php(217): CodeIgniter\View\View->CodeIgniter\View\{closure}()
#3 /var/www/html/blog/system/Common.php(1092): CodeIgniter\View\View->render()
#4 /var/www/html/blog/app/Controllers/Blog.php(28): view()
#5 /var/www/html/blog/system/CodeIgniter.php(802): App\Controllers\Blog->blog_detail()
#6 /var/www/html/blog/system/CodeIgniter.php(399): CodeIgniter\CodeIgniter->runController()
#7 /var/www/html/blog/system/CodeIgniter.php(317): CodeIgniter\CodeIgniter->handleRequest()
#8 /var/www/html/blog/public/index.php(36): CodeIgniter\CodeIgniter->run()
#9 {main}
CRITICAL - 2023-03-08 09:24:26 --> Trying to access array offset on value of type null
#0 /var/www/html/blog/app/Views/blog/blog_detail.php(17): CodeIgniter\Debug\Exceptions->errorHandler()
#1 /var/www/html/blog/system/View/View.php(214): include('/var/www/html/b...')
#2 /var/www/html/blog/system/View/View.php(217): CodeIgniter\View\View->CodeIgniter\View\{closure}()
#3 /var/www/html/blog/system/Common.php(1092): CodeIgniter\View\View->render()
#4 /var/www/html/blog/app/Controllers/Blog.php(28): view()
#5 /var/www/html/blog/system/CodeIgniter.php(802): App\Controllers\Blog->blog_detail()
#6 /var/www/html/blog/system/CodeIgniter.php(399): CodeIgniter\CodeIgniter->runController()
#7 /var/www/html/blog/system/CodeIgniter.php(317): CodeIgniter\CodeIgniter->handleRequest()
#8 /var/www/html/blog/public/index.php(36): CodeIgniter\CodeIgniter->run()
#9 {main}
CRITICAL - 2023-03-08 09:24:45 --> Undefined index: desakripsi
#0 /var/www/html/blog/app/Views/blog/blog_detail.php(26): CodeIgniter\Debug\Exceptions->errorHandler()
#1 /var/www/html/blog/system/View/View.php(214): include('/var/www/html/b...')
#2 /var/www/html/blog/system/View/View.php(217): CodeIgniter\View\View->CodeIgniter\View\{closure}()
#3 /var/www/html/blog/system/Common.php(1092): CodeIgniter\View\View->render()
#4 /var/www/html/blog/app/Controllers/Blog.php(28): view()
#5 /var/www/html/blog/system/CodeIgniter.php(802): App\Controllers\Blog->blog_detail()
#6 /var/www/html/blog/system/CodeIgniter.php(399): CodeIgniter\CodeIgniter->runController()
#7 /var/www/html/blog/system/CodeIgniter.php(317): CodeIgniter\CodeIgniter->handleRequest()
#8 /var/www/html/blog/public/index.php(36): CodeIgniter\CodeIgniter->run()
#9 {main}
CRITICAL - 2023-03-08 09:24:48 --> Undefined index: desakripsi
#0 /var/www/html/blog/app/Views/blog/blog_detail.php(26): CodeIgniter\Debug\Exceptions->errorHandler()
#1 /var/www/html/blog/system/View/View.php(214): include('/var/www/html/b...')
#2 /var/www/html/blog/system/View/View.php(217): CodeIgniter\View\View->CodeIgniter\View\{closure}()
#3 /var/www/html/blog/system/Common.php(1092): CodeIgniter\View\View->render()
#4 /var/www/html/blog/app/Controllers/Blog.php(28): view()
#5 /var/www/html/blog/system/CodeIgniter.php(802): App\Controllers\Blog->blog_detail()
#6 /var/www/html/blog/system/CodeIgniter.php(399): CodeIgniter\CodeIgniter->runController()
#7 /var/www/html/blog/system/CodeIgniter.php(317): CodeIgniter\CodeIgniter->handleRequest()
#8 /var/www/html/blog/public/index.php(36): CodeIgniter\CodeIgniter->run()
#9 {main}
CRITICAL - 2023-03-08 09:24:55 --> Trying to access array offset on value of type null
#0 /var/www/html/blog/app/Views/blog/blog_detail.php(17): CodeIgniter\Debug\Exceptions->errorHandler()
#1 /var/www/html/blog/system/View/View.php(214): include('/var/www/html/b...')
#2 /var/www/html/blog/system/View/View.php(217): CodeIgniter\View\View->CodeIgniter\View\{closure}()
#3 /var/www/html/blog/system/Common.php(1092): CodeIgniter\View\View->render()
#4 /var/www/html/blog/app/Controllers/Blog.php(28): view()
#5 /var/www/html/blog/system/CodeIgniter.php(802): App\Controllers\Blog->blog_detail()
#6 /var/www/html/blog/system/CodeIgniter.php(399): CodeIgniter\CodeIgniter->runController()
#7 /var/www/html/blog/system/CodeIgniter.php(317): CodeIgniter\CodeIgniter->handleRequest()
#8 /var/www/html/blog/public/index.php(36): CodeIgniter\CodeIgniter->run()
#9 {main}
CRITICAL - 2023-03-08 09:25:22 --> Trying to access array offset on value of type null
#0 /var/www/html/blog/app/Views/blog/blog_detail.php(17): CodeIgniter\Debug\Exceptions->errorHandler()
#1 /var/www/html/blog/system/View/View.php(214): include('/var/www/html/b...')
#2 /var/www/html/blog/system/View/View.php(217): CodeIgniter\View\View->CodeIgniter\View\{closure}()
#3 /var/www/html/blog/system/Common.php(1092): CodeIgniter\View\View->render()
#4 /var/www/html/blog/app/Controllers/Blog.php(28): view()
#5 /var/www/html/blog/system/CodeIgniter.php(802): App\Controllers\Blog->blog_detail()
#6 /var/www/html/blog/system/CodeIgniter.php(399): CodeIgniter\CodeIgniter->runController()
#7 /var/www/html/blog/system/CodeIgniter.php(317): CodeIgniter\CodeIgniter->handleRequest()
#8 /var/www/html/blog/public/index.php(36): CodeIgniter\CodeIgniter->run()
#9 {main}
CRITICAL - 2023-03-08 09:26:46 --> Trying to access array offset on value of type null
#0 /var/www/html/blog/app/Views/blog/blog_detail.php(17): CodeIgniter\Debug\Exceptions->errorHandler()
#1 /var/www/html/blog/system/View/View.php(214): include('/var/www/html/b...')
#2 /var/www/html/blog/system/View/View.php(217): CodeIgniter\View\View->CodeIgniter\View\{closure}()
#3 /var/www/html/blog/system/Common.php(1092): CodeIgniter\View\View->render()
#4 /var/www/html/blog/app/Controllers/Blog.php(28): view()
#5 /var/www/html/blog/system/CodeIgniter.php(802): App\Controllers\Blog->blog_detail()
#6 /var/www/html/blog/system/CodeIgniter.php(399): CodeIgniter\CodeIgniter->runController()
#7 /var/www/html/blog/system/CodeIgniter.php(317): CodeIgniter\CodeIgniter->handleRequest()
#8 /var/www/html/blog/public/index.php(36): CodeIgniter\CodeIgniter->run()
#9 {main}
CRITICAL - 2023-03-08 09:26:47 --> Trying to access array offset on value of type null
#0 /var/www/html/blog/app/Views/blog/blog_detail.php(17): CodeIgniter\Debug\Exceptions->errorHandler()
#1 /var/www/html/blog/system/View/View.php(214): include('/var/www/html/b...')
#2 /var/www/html/blog/system/View/View.php(217): CodeIgniter\View\View->CodeIgniter\View\{closure}()
#3 /var/www/html/blog/system/Common.php(1092): CodeIgniter\View\View->render()
#4 /var/www/html/blog/app/Controllers/Blog.php(28): view()
#5 /var/www/html/blog/system/CodeIgniter.php(802): App\Controllers\Blog->blog_detail()
#6 /var/www/html/blog/system/CodeIgniter.php(399): CodeIgniter\CodeIgniter->runController()
#7 /var/www/html/blog/system/CodeIgniter.php(317): CodeIgniter\CodeIgniter->handleRequest()
#8 /var/www/html/blog/public/index.php(36): CodeIgniter\CodeIgniter->run()
#9 {main}
CRITICAL - 2023-03-08 09:26:48 --> Trying to access array offset on value of type null
#0 /var/www/html/blog/app/Views/blog/blog_detail.php(17): CodeIgniter\Debug\Exceptions->errorHandler()
#1 /var/www/html/blog/system/View/View.php(214): include('/var/www/html/b...')
#2 /var/www/html/blog/system/View/View.php(217): CodeIgniter\View\View->CodeIgniter\View\{closure}()
#3 /var/www/html/blog/system/Common.php(1092): CodeIgniter\View\View->render()
#4 /var/www/html/blog/app/Controllers/Blog.php(28): view()
#5 /var/www/html/blog/system/CodeIgniter.php(802): App\Controllers\Blog->blog_detail()
#6 /var/www/html/blog/system/CodeIgniter.php(399): CodeIgniter\CodeIgniter->runController()
#7 /var/www/html/blog/system/CodeIgniter.php(317): CodeIgniter\CodeIgniter->handleRequest()
#8 /var/www/html/blog/public/index.php(36): CodeIgniter\CodeIgniter->run()
#9 {main}
CRITICAL - 2023-03-08 09:26:48 --> Trying to access array offset on value of type null
#0 /var/www/html/blog/app/Views/blog/blog_detail.php(17): CodeIgniter\Debug\Exceptions->errorHandler()
#1 /var/www/html/blog/system/View/View.php(214): include('/var/www/html/b...')
#2 /var/www/html/blog/system/View/View.php(217): CodeIgniter\View\View->CodeIgniter\View\{closure}()
#3 /var/www/html/blog/system/Common.php(1092): CodeIgniter\View\View->render()
#4 /var/www/html/blog/app/Controllers/Blog.php(28): view()
#5 /var/www/html/blog/system/CodeIgniter.php(802): App\Controllers\Blog->blog_detail()
#6 /var/www/html/blog/system/CodeIgniter.php(399): CodeIgniter\CodeIgniter->runController()
#7 /var/www/html/blog/system/CodeIgniter.php(317): CodeIgniter\CodeIgniter->handleRequest()
#8 /var/www/html/blog/public/index.php(36): CodeIgniter\CodeIgniter->run()
#9 {main}
CRITICAL - 2023-03-08 09:26:49 --> Trying to access array offset on value of type null
#0 /var/www/html/blog/app/Views/blog/blog_detail.php(17): CodeIgniter\Debug\Exceptions->errorHandler()
#1 /var/www/html/blog/system/View/View.php(214): include('/var/www/html/b...')
#2 /var/www/html/blog/system/View/View.php(217): CodeIgniter\View\View->CodeIgniter\View\{closure}()
#3 /var/www/html/blog/system/Common.php(1092): CodeIgniter\View\View->render()
#4 /var/www/html/blog/app/Controllers/Blog.php(28): view()
#5 /var/www/html/blog/system/CodeIgniter.php(802): App\Controllers\Blog->blog_detail()
#6 /var/www/html/blog/system/CodeIgniter.php(399): CodeIgniter\CodeIgniter->runController()
#7 /var/www/html/blog/system/CodeIgniter.php(317): CodeIgniter\CodeIgniter->handleRequest()
#8 /var/www/html/blog/public/index.php(36): CodeIgniter\CodeIgniter->run()
#9 {main}
CRITICAL - 2023-03-08 09:26:49 --> Trying to access array offset on value of type null
#0 /var/www/html/blog/app/Views/blog/blog_detail.php(17): CodeIgniter\Debug\Exceptions->errorHandler()
#1 /var/www/html/blog/system/View/View.php(214): include('/var/www/html/b...')
#2 /var/www/html/blog/system/View/View.php(217): CodeIgniter\View\View->CodeIgniter\View\{closure}()
#3 /var/www/html/blog/system/Common.php(1092): CodeIgniter\View\View->render()
#4 /var/www/html/blog/app/Controllers/Blog.php(28): view()
#5 /var/www/html/blog/system/CodeIgniter.php(802): App\Controllers\Blog->blog_detail()
#6 /var/www/html/blog/system/CodeIgniter.php(399): CodeIgniter\CodeIgniter->runController()
#7 /var/www/html/blog/system/CodeIgniter.php(317): CodeIgniter\CodeIgniter->handleRequest()
#8 /var/www/html/blog/public/index.php(36): CodeIgniter\CodeIgniter->run()
#9 {main}
CRITICAL - 2023-03-08 09:26:49 --> Trying to access array offset on value of type null
#0 /var/www/html/blog/app/Views/blog/blog_detail.php(17): CodeIgniter\Debug\Exceptions->errorHandler()
#1 /var/www/html/blog/system/View/View.php(214): include('/var/www/html/b...')
#2 /var/www/html/blog/system/View/View.php(217): CodeIgniter\View\View->CodeIgniter\View\{closure}()
#3 /var/www/html/blog/system/Common.php(1092): CodeIgniter\View\View->render()
#4 /var/www/html/blog/app/Controllers/Blog.php(28): view()
#5 /var/www/html/blog/system/CodeIgniter.php(802): App\Controllers\Blog->blog_detail()
#6 /var/www/html/blog/system/CodeIgniter.php(399): CodeIgniter\CodeIgniter->runController()
#7 /var/www/html/blog/system/CodeIgniter.php(317): CodeIgniter\CodeIgniter->handleRequest()
#8 /var/www/html/blog/public/index.php(36): CodeIgniter\CodeIgniter->run()
#9 {main}
CRITICAL - 2023-03-08 09:26:50 --> Trying to access array offset on value of type null
#0 /var/www/html/blog/app/Views/blog/blog_detail.php(17): CodeIgniter\Debug\Exceptions->errorHandler()
#1 /var/www/html/blog/system/View/View.php(214): include('/var/www/html/b...')
#2 /var/www/html/blog/system/View/View.php(217): CodeIgniter\View\View->CodeIgniter\View\{closure}()
#3 /var/www/html/blog/system/Common.php(1092): CodeIgniter\View\View->render()
#4 /var/www/html/blog/app/Controllers/Blog.php(28): view()
#5 /var/www/html/blog/system/CodeIgniter.php(802): App\Controllers\Blog->blog_detail()
#6 /var/www/html/blog/system/CodeIgniter.php(399): CodeIgniter\CodeIgniter->runController()
#7 /var/www/html/blog/system/CodeIgniter.php(317): CodeIgniter\CodeIgniter->handleRequest()
#8 /var/www/html/blog/public/index.php(36): CodeIgniter\CodeIgniter->run()
#9 {main}
CRITICAL - 2023-03-08 09:26:50 --> Trying to access array offset on value of type null
#0 /var/www/html/blog/app/Views/blog/blog_detail.php(17): CodeIgniter\Debug\Exceptions->errorHandler()
#1 /var/www/html/blog/system/View/View.php(214): include('/var/www/html/b...')
#2 /var/www/html/blog/system/View/View.php(217): CodeIgniter\View\View->CodeIgniter\View\{closure}()
#3 /var/www/html/blog/system/Common.php(1092): CodeIgniter\View\View->render()
#4 /var/www/html/blog/app/Controllers/Blog.php(28): view()
#5 /var/www/html/blog/system/CodeIgniter.php(802): App\Controllers\Blog->blog_detail()
#6 /var/www/html/blog/system/CodeIgniter.php(399): CodeIgniter\CodeIgniter->runController()
#7 /var/www/html/blog/system/CodeIgniter.php(317): CodeIgniter\CodeIgniter->handleRequest()
#8 /var/www/html/blog/public/index.php(36): CodeIgniter\CodeIgniter->run()
#9 {main}
CRITICAL - 2023-03-08 09:26:50 --> Trying to access array offset on value of type null
#0 /var/www/html/blog/app/Views/blog/blog_detail.php(17): CodeIgniter\Debug\Exceptions->errorHandler()
#1 /var/www/html/blog/system/View/View.php(214): include('/var/www/html/b...')
#2 /var/www/html/blog/system/View/View.php(217): CodeIgniter\View\View->CodeIgniter\View\{closure}()
#3 /var/www/html/blog/system/Common.php(1092): CodeIgniter\View\View->render()
#4 /var/www/html/blog/app/Controllers/Blog.php(28): view()
#5 /var/www/html/blog/system/CodeIgniter.php(802): App\Controllers\Blog->blog_detail()
#6 /var/www/html/blog/system/CodeIgniter.php(399): CodeIgniter\CodeIgniter->runController()
#7 /var/www/html/blog/system/CodeIgniter.php(317): CodeIgniter\CodeIgniter->handleRequest()
#8 /var/www/html/blog/public/index.php(36): CodeIgniter\CodeIgniter->run()
#9 {main}
CRITICAL - 2023-03-08 09:26:50 --> Trying to access array offset on value of type null
#0 /var/www/html/blog/app/Views/blog/blog_detail.php(17): CodeIgniter\Debug\Exceptions->errorHandler()
#1 /var/www/html/blog/system/View/View.php(214): include('/var/www/html/b...')
#2 /var/www/html/blog/system/View/View.php(217): CodeIgniter\View\View->CodeIgniter\View\{closure}()
#3 /var/www/html/blog/system/Common.php(1092): CodeIgniter\View\View->render()
#4 /var/www/html/blog/app/Controllers/Blog.php(28): view()
#5 /var/www/html/blog/system/CodeIgniter.php(802): App\Controllers\Blog->blog_detail()
#6 /var/www/html/blog/system/CodeIgniter.php(399): CodeIgniter\CodeIgniter->runController()
#7 /var/www/html/blog/system/CodeIgniter.php(317): CodeIgniter\CodeIgniter->handleRequest()
#8 /var/www/html/blog/public/index.php(36): CodeIgniter\CodeIgniter->run()
#9 {main}
CRITICAL - 2023-03-08 09:26:51 --> Trying to access array offset on value of type null
#0 /var/www/html/blog/app/Views/blog/blog_detail.php(17): CodeIgniter\Debug\Exceptions->errorHandler()
#1 /var/www/html/blog/system/View/View.php(214): include('/var/www/html/b...')
#2 /var/www/html/blog/system/View/View.php(217): CodeIgniter\View\View->CodeIgniter\View\{closure}()
#3 /var/www/html/blog/system/Common.php(1092): CodeIgniter\View\View->render()
#4 /var/www/html/blog/app/Controllers/Blog.php(28): view()
#5 /var/www/html/blog/system/CodeIgniter.php(802): App\Controllers\Blog->blog_detail()
#6 /var/www/html/blog/system/CodeIgniter.php(399): CodeIgniter\CodeIgniter->runController()
#7 /var/www/html/blog/system/CodeIgniter.php(317): CodeIgniter\CodeIgniter->handleRequest()
#8 /var/www/html/blog/public/index.php(36): CodeIgniter\CodeIgniter->run()
#9 {main}
CRITICAL - 2023-03-08 09:26:51 --> Trying to access array offset on value of type null
#0 /var/www/html/blog/app/Views/blog/blog_detail.php(17): CodeIgniter\Debug\Exceptions->errorHandler()
#1 /var/www/html/blog/system/View/View.php(214): include('/var/www/html/b...')
#2 /var/www/html/blog/system/View/View.php(217): CodeIgniter\View\View->CodeIgniter\View\{closure}()
#3 /var/www/html/blog/system/Common.php(1092): CodeIgniter\View\View->render()
#4 /var/www/html/blog/app/Controllers/Blog.php(28): view()
#5 /var/www/html/blog/system/CodeIgniter.php(802): App\Controllers\Blog->blog_detail()
#6 /var/www/html/blog/system/CodeIgniter.php(399): CodeIgniter\CodeIgniter->runController()
#7 /var/www/html/blog/system/CodeIgniter.php(317): CodeIgniter\CodeIgniter->handleRequest()
#8 /var/www/html/blog/public/index.php(36): CodeIgniter\CodeIgniter->run()
#9 {main}
CRITICAL - 2023-03-08 09:26:51 --> Trying to access array offset on value of type null
#0 /var/www/html/blog/app/Views/blog/blog_detail.php(17): CodeIgniter\Debug\Exceptions->errorHandler()
#1 /var/www/html/blog/system/View/View.php(214): include('/var/www/html/b...')
#2 /var/www/html/blog/system/View/View.php(217): CodeIgniter\View\View->CodeIgniter\View\{closure}()
#3 /var/www/html/blog/system/Common.php(1092): CodeIgniter\View\View->render()
#4 /var/www/html/blog/app/Controllers/Blog.php(28): view()
#5 /var/www/html/blog/system/CodeIgniter.php(802): App\Controllers\Blog->blog_detail()
#6 /var/www/html/blog/system/CodeIgniter.php(399): CodeIgniter\CodeIgniter->runController()
#7 /var/www/html/blog/system/CodeIgniter.php(317): CodeIgniter\CodeIgniter->handleRequest()
#8 /var/www/html/blog/public/index.php(36): CodeIgniter\CodeIgniter->run()
#9 {main}
CRITICAL - 2023-03-08 09:26:51 --> Trying to access array offset on value of type null
#0 /var/www/html/blog/app/Views/blog/blog_detail.php(17): CodeIgniter\Debug\Exceptions->errorHandler()
#1 /var/www/html/blog/system/View/View.php(214): include('/var/www/html/b...')
#2 /var/www/html/blog/system/View/View.php(217): CodeIgniter\View\View->CodeIgniter\View\{closure}()
#3 /var/www/html/blog/system/Common.php(1092): CodeIgniter\View\View->render()
#4 /var/www/html/blog/app/Controllers/Blog.php(28): view()
#5 /var/www/html/blog/system/CodeIgniter.php(802): App\Controllers\Blog->blog_detail()
#6 /var/www/html/blog/system/CodeIgniter.php(399): CodeIgniter\CodeIgniter->runController()
#7 /var/www/html/blog/system/CodeIgniter.php(317): CodeIgniter\CodeIgniter->handleRequest()
#8 /var/www/html/blog/public/index.php(36): CodeIgniter\CodeIgniter->run()
#9 {main}
CRITICAL - 2023-03-08 09:26:51 --> Trying to access array offset on value of type null
#0 /var/www/html/blog/app/Views/blog/blog_detail.php(17): CodeIgniter\Debug\Exceptions->errorHandler()
#1 /var/www/html/blog/system/View/View.php(214): include('/var/www/html/b...')
#2 /var/www/html/blog/system/View/View.php(217): CodeIgniter\View\View->CodeIgniter\View\{closure}()
#3 /var/www/html/blog/system/Common.php(1092): CodeIgniter\View\View->render()
#4 /var/www/html/blog/app/Controllers/Blog.php(28): view()
#5 /var/www/html/blog/system/CodeIgniter.php(802): App\Controllers\Blog->blog_detail()
#6 /var/www/html/blog/system/CodeIgniter.php(399): CodeIgniter\CodeIgniter->runController()
#7 /var/www/html/blog/system/CodeIgniter.php(317): CodeIgniter\CodeIgniter->handleRequest()
#8 /var/www/html/blog/public/index.php(36): CodeIgniter\CodeIgniter->run()
#9 {main}
CRITICAL - 2023-03-08 09:26:52 --> Trying to access array offset on value of type null
#0 /var/www/html/blog/app/Views/blog/blog_detail.php(17): CodeIgniter\Debug\Exceptions->errorHandler()
#1 /var/www/html/blog/system/View/View.php(214): include('/var/www/html/b...')
#2 /var/www/html/blog/system/View/View.php(217): CodeIgniter\View\View->CodeIgniter\View\{closure}()
#3 /var/www/html/blog/system/Common.php(1092): CodeIgniter\View\View->render()
#4 /var/www/html/blog/app/Controllers/Blog.php(28): view()
#5 /var/www/html/blog/system/CodeIgniter.php(802): App\Controllers\Blog->blog_detail()
#6 /var/www/html/blog/system/CodeIgniter.php(399): CodeIgniter\CodeIgniter->runController()
#7 /var/www/html/blog/system/CodeIgniter.php(317): CodeIgniter\CodeIgniter->handleRequest()
#8 /var/www/html/blog/public/index.php(36): CodeIgniter\CodeIgniter->run()
#9 {main}
CRITICAL - 2023-03-08 09:26:52 --> Trying to access array offset on value of type null
#0 /var/www/html/blog/app/Views/blog/blog_detail.php(17): CodeIgniter\Debug\Exceptions->errorHandler()
#1 /var/www/html/blog/system/View/View.php(214): include('/var/www/html/b...')
#2 /var/www/html/blog/system/View/View.php(217): CodeIgniter\View\View->CodeIgniter\View\{closure}()
#3 /var/www/html/blog/system/Common.php(1092): CodeIgniter\View\View->render()
#4 /var/www/html/blog/app/Controllers/Blog.php(28): view()
#5 /var/www/html/blog/system/CodeIgniter.php(802): App\Controllers\Blog->blog_detail()
#6 /var/www/html/blog/system/CodeIgniter.php(399): CodeIgniter\CodeIgniter->runController()
#7 /var/www/html/blog/system/CodeIgniter.php(317): CodeIgniter\CodeIgniter->handleRequest()
#8 /var/www/html/blog/public/index.php(36): CodeIgniter\CodeIgniter->run()
#9 {main}
CRITICAL - 2023-03-08 09:26:52 --> Trying to access array offset on value of type null
#0 /var/www/html/blog/app/Views/blog/blog_detail.php(17): CodeIgniter\Debug\Exceptions->errorHandler()
#1 /var/www/html/blog/system/View/View.php(214): include('/var/www/html/b...')
#2 /var/www/html/blog/system/View/View.php(217): CodeIgniter\View\View->CodeIgniter\View\{closure}()
#3 /var/www/html/blog/system/Common.php(1092): CodeIgniter\View\View->render()
#4 /var/www/html/blog/app/Controllers/Blog.php(28): view()
#5 /var/www/html/blog/system/CodeIgniter.php(802): App\Controllers\Blog->blog_detail()
#6 /var/www/html/blog/system/CodeIgniter.php(399): CodeIgniter\CodeIgniter->runController()
#7 /var/www/html/blog/system/CodeIgniter.php(317): CodeIgniter\CodeIgniter->handleRequest()
#8 /var/www/html/blog/public/index.php(36): CodeIgniter\CodeIgniter->run()
#9 {main}
CRITICAL - 2023-03-08 09:26:52 --> Trying to access array offset on value of type null
#0 /var/www/html/blog/app/Views/blog/blog_detail.php(17): CodeIgniter\Debug\Exceptions->errorHandler()
#1 /var/www/html/blog/system/View/View.php(214): include('/var/www/html/b...')
#2 /var/www/html/blog/system/View/View.php(217): CodeIgniter\View\View->CodeIgniter\View\{closure}()
#3 /var/www/html/blog/system/Common.php(1092): CodeIgniter\View\View->render()
#4 /var/www/html/blog/app/Controllers/Blog.php(28): view()
#5 /var/www/html/blog/system/CodeIgniter.php(802): App\Controllers\Blog->blog_detail()
#6 /var/www/html/blog/system/CodeIgniter.php(399): CodeIgniter\CodeIgniter->runController()
#7 /var/www/html/blog/system/CodeIgniter.php(317): CodeIgniter\CodeIgniter->handleRequest()
#8 /var/www/html/blog/public/index.php(36): CodeIgniter\CodeIgniter->run()
#9 {main}
CRITICAL - 2023-03-08 09:26:52 --> Trying to access array offset on value of type null
#0 /var/www/html/blog/app/Views/blog/blog_detail.php(17): CodeIgniter\Debug\Exceptions->errorHandler()
#1 /var/www/html/blog/system/View/View.php(214): include('/var/www/html/b...')
#2 /var/www/html/blog/system/View/View.php(217): CodeIgniter\View\View->CodeIgniter\View\{closure}()
#3 /var/www/html/blog/system/Common.php(1092): CodeIgniter\View\View->render()
#4 /var/www/html/blog/app/Controllers/Blog.php(28): view()
#5 /var/www/html/blog/system/CodeIgniter.php(802): App\Controllers\Blog->blog_detail()
#6 /var/www/html/blog/system/CodeIgniter.php(399): CodeIgniter\CodeIgniter->runController()
#7 /var/www/html/blog/system/CodeIgniter.php(317): CodeIgniter\CodeIgniter->handleRequest()
#8 /var/www/html/blog/public/index.php(36): CodeIgniter\CodeIgniter->run()
#9 {main}
CRITICAL - 2023-03-08 09:26:53 --> Trying to access array offset on value of type null
#0 /var/www/html/blog/app/Views/blog/blog_detail.php(17): CodeIgniter\Debug\Exceptions->errorHandler()
#1 /var/www/html/blog/system/View/View.php(214): include('/var/www/html/b...')
#2 /var/www/html/blog/system/View/View.php(217): CodeIgniter\View\View->CodeIgniter\View\{closure}()
#3 /var/www/html/blog/system/Common.php(1092): CodeIgniter\View\View->render()
#4 /var/www/html/blog/app/Controllers/Blog.php(28): view()
#5 /var/www/html/blog/system/CodeIgniter.php(802): App\Controllers\Blog->blog_detail()
#6 /var/www/html/blog/system/CodeIgniter.php(399): CodeIgniter\CodeIgniter->runController()
#7 /var/www/html/blog/system/CodeIgniter.php(317): CodeIgniter\CodeIgniter->handleRequest()
#8 /var/www/html/blog/public/index.php(36): CodeIgniter\CodeIgniter->run()
#9 {main}
CRITICAL - 2023-03-08 09:26:53 --> Trying to access array offset on value of type null
#0 /var/www/html/blog/app/Views/blog/blog_detail.php(17): CodeIgniter\Debug\Exceptions->errorHandler()
#1 /var/www/html/blog/system/View/View.php(214): include('/var/www/html/b...')
#2 /var/www/html/blog/system/View/View.php(217): CodeIgniter\View\View->CodeIgniter\View\{closure}()
#3 /var/www/html/blog/system/Common.php(1092): CodeIgniter\View\View->render()
#4 /var/www/html/blog/app/Controllers/Blog.php(28): view()
#5 /var/www/html/blog/system/CodeIgniter.php(802): App\Controllers\Blog->blog_detail()
#6 /var/www/html/blog/system/CodeIgniter.php(399): CodeIgniter\CodeIgniter->runController()
#7 /var/www/html/blog/system/CodeIgniter.php(317): CodeIgniter\CodeIgniter->handleRequest()
#8 /var/www/html/blog/public/index.php(36): CodeIgniter\CodeIgniter->run()
#9 {main}
CRITICAL - 2023-03-08 09:26:53 --> Trying to access array offset on value of type null
#0 /var/www/html/blog/app/Views/blog/blog_detail.php(17): CodeIgniter\Debug\Exceptions->errorHandler()
#1 /var/www/html/blog/system/View/View.php(214): include('/var/www/html/b...')
#2 /var/www/html/blog/system/View/View.php(217): CodeIgniter\View\View->CodeIgniter\View\{closure}()
#3 /var/www/html/blog/system/Common.php(1092): CodeIgniter\View\View->render()
#4 /var/www/html/blog/app/Controllers/Blog.php(28): view()
#5 /var/www/html/blog/system/CodeIgniter.php(802): App\Controllers\Blog->blog_detail()
#6 /var/www/html/blog/system/CodeIgniter.php(399): CodeIgniter\CodeIgniter->runController()
#7 /var/www/html/blog/system/CodeIgniter.php(317): CodeIgniter\CodeIgniter->handleRequest()
#8 /var/www/html/blog/public/index.php(36): CodeIgniter\CodeIgniter->run()
#9 {main}
CRITICAL - 2023-03-08 09:26:53 --> Trying to access array offset on value of type null
#0 /var/www/html/blog/app/Views/blog/blog_detail.php(17): CodeIgniter\Debug\Exceptions->errorHandler()
#1 /var/www/html/blog/system/View/View.php(214): include('/var/www/html/b...')
#2 /var/www/html/blog/system/View/View.php(217): CodeIgniter\View\View->CodeIgniter\View\{closure}()
#3 /var/www/html/blog/system/Common.php(1092): CodeIgniter\View\View->render()
#4 /var/www/html/blog/app/Controllers/Blog.php(28): view()
#5 /var/www/html/blog/system/CodeIgniter.php(802): App\Controllers\Blog->blog_detail()
#6 /var/www/html/blog/system/CodeIgniter.php(399): CodeIgniter\CodeIgniter->runController()
#7 /var/www/html/blog/system/CodeIgniter.php(317): CodeIgniter\CodeIgniter->handleRequest()
#8 /var/www/html/blog/public/index.php(36): CodeIgniter\CodeIgniter->run()
#9 {main}
CRITICAL - 2023-03-08 09:26:58 --> Trying to access array offset on value of type null
#0 /var/www/html/blog/app/Views/blog/blog_detail.php(17): CodeIgniter\Debug\Exceptions->errorHandler()
#1 /var/www/html/blog/system/View/View.php(214): include('/var/www/html/b...')
#2 /var/www/html/blog/system/View/View.php(217): CodeIgniter\View\View->CodeIgniter\View\{closure}()
#3 /var/www/html/blog/system/Common.php(1092): CodeIgniter\View\View->render()
#4 /var/www/html/blog/app/Controllers/Blog.php(28): view()
#5 /var/www/html/blog/system/CodeIgniter.php(802): App\Controllers\Blog->blog_detail()
#6 /var/www/html/blog/system/CodeIgniter.php(399): CodeIgniter\CodeIgniter->runController()
#7 /var/www/html/blog/system/CodeIgniter.php(317): CodeIgniter\CodeIgniter->handleRequest()
#8 /var/www/html/blog/public/index.php(36): CodeIgniter\CodeIgniter->run()
#9 {main}
CRITICAL - 2023-03-08 09:26:59 --> Trying to access array offset on value of type null
#0 /var/www/html/blog/app/Views/blog/blog_detail.php(17): CodeIgniter\Debug\Exceptions->errorHandler()
#1 /var/www/html/blog/system/View/View.php(214): include('/var/www/html/b...')
#2 /var/www/html/blog/system/View/View.php(217): CodeIgniter\View\View->CodeIgniter\View\{closure}()
#3 /var/www/html/blog/system/Common.php(1092): CodeIgniter\View\View->render()
#4 /var/www/html/blog/app/Controllers/Blog.php(28): view()
#5 /var/www/html/blog/system/CodeIgniter.php(802): App\Controllers\Blog->blog_detail()
#6 /var/www/html/blog/system/CodeIgniter.php(399): CodeIgniter\CodeIgniter->runController()
#7 /var/www/html/blog/system/CodeIgniter.php(317): CodeIgniter\CodeIgniter->handleRequest()
#8 /var/www/html/blog/public/index.php(36): CodeIgniter\CodeIgniter->run()
#9 {main}
CRITICAL - 2023-03-08 09:27:04 --> Trying to access array offset on value of type null
#0 /var/www/html/blog/app/Views/blog/blog_detail.php(17): CodeIgniter\Debug\Exceptions->errorHandler()
#1 /var/www/html/blog/system/View/View.php(214): include('/var/www/html/b...')
#2 /var/www/html/blog/system/View/View.php(217): CodeIgniter\View\View->CodeIgniter\View\{closure}()
#3 /var/www/html/blog/system/Common.php(1092): CodeIgniter\View\View->render()
#4 /var/www/html/blog/app/Controllers/Blog.php(28): view()
#5 /var/www/html/blog/system/CodeIgniter.php(802): App\Controllers\Blog->blog_detail()
#6 /var/www/html/blog/system/CodeIgniter.php(399): CodeIgniter\CodeIgniter->runController()
#7 /var/www/html/blog/system/CodeIgniter.php(317): CodeIgniter\CodeIgniter->handleRequest()
#8 /var/www/html/blog/public/index.php(36): CodeIgniter\CodeIgniter->run()
#9 {main}
CRITICAL - 2023-03-08 09:27:31 --> Trying to access array offset on value of type null
#0 /var/www/html/blog/app/Views/blog/blog_detail.php(17): CodeIgniter\Debug\Exceptions->errorHandler()
#1 /var/www/html/blog/system/View/View.php(214): include('/var/www/html/b...')
#2 /var/www/html/blog/system/View/View.php(217): CodeIgniter\View\View->CodeIgniter\View\{closure}()
#3 /var/www/html/blog/system/Common.php(1092): CodeIgniter\View\View->render()
#4 /var/www/html/blog/app/Controllers/Blog.php(28): view()
#5 /var/www/html/blog/system/CodeIgniter.php(802): App\Controllers\Blog->blog_detail()
#6 /var/www/html/blog/system/CodeIgniter.php(399): CodeIgniter\CodeIgniter->runController()
#7 /var/www/html/blog/system/CodeIgniter.php(317): CodeIgniter\CodeIgniter->handleRequest()
#8 /var/www/html/blog/public/index.php(36): CodeIgniter\CodeIgniter->run()
#9 {main}
CRITICAL - 2023-03-08 09:27:33 --> Trying to access array offset on value of type null
#0 /var/www/html/blog/app/Views/blog/blog_detail.php(17): CodeIgniter\Debug\Exceptions->errorHandler()
#1 /var/www/html/blog/system/View/View.php(214): include('/var/www/html/b...')
#2 /var/www/html/blog/system/View/View.php(217): CodeIgniter\View\View->CodeIgniter\View\{closure}()
#3 /var/www/html/blog/system/Common.php(1092): CodeIgniter\View\View->render()
#4 /var/www/html/blog/app/Controllers/Blog.php(28): view()
#5 /var/www/html/blog/system/CodeIgniter.php(802): App\Controllers\Blog->blog_detail()
#6 /var/www/html/blog/system/CodeIgniter.php(399): CodeIgniter\CodeIgniter->runController()
#7 /var/www/html/blog/system/CodeIgniter.php(317): CodeIgniter\CodeIgniter->handleRequest()
#8 /var/www/html/blog/public/index.php(36): CodeIgniter\CodeIgniter->run()
#9 {main}
CRITICAL - 2023-03-08 09:27:33 --> Trying to access array offset on value of type null
#0 /var/www/html/blog/app/Views/blog/blog_detail.php(17): CodeIgniter\Debug\Exceptions->errorHandler()
#1 /var/www/html/blog/system/View/View.php(214): include('/var/www/html/b...')
#2 /var/www/html/blog/system/View/View.php(217): CodeIgniter\View\View->CodeIgniter\View\{closure}()
#3 /var/www/html/blog/system/Common.php(1092): CodeIgniter\View\View->render()
#4 /var/www/html/blog/app/Controllers/Blog.php(28): view()
#5 /var/www/html/blog/system/CodeIgniter.php(802): App\Controllers\Blog->blog_detail()
#6 /var/www/html/blog/system/CodeIgniter.php(399): CodeIgniter\CodeIgniter->runController()
#7 /var/www/html/blog/system/CodeIgniter.php(317): CodeIgniter\CodeIgniter->handleRequest()
#8 /var/www/html/blog/public/index.php(36): CodeIgniter\CodeIgniter->run()
#9 {main}
CRITICAL - 2023-03-08 09:27:33 --> Trying to access array offset on value of type null
#0 /var/www/html/blog/app/Views/blog/blog_detail.php(17): CodeIgniter\Debug\Exceptions->errorHandler()
#1 /var/www/html/blog/system/View/View.php(214): include('/var/www/html/b...')
#2 /var/www/html/blog/system/View/View.php(217): CodeIgniter\View\View->CodeIgniter\View\{closure}()
#3 /var/www/html/blog/system/Common.php(1092): CodeIgniter\View\View->render()
#4 /var/www/html/blog/app/Controllers/Blog.php(28): view()
#5 /var/www/html/blog/system/CodeIgniter.php(802): App\Controllers\Blog->blog_detail()
#6 /var/www/html/blog/system/CodeIgniter.php(399): CodeIgniter\CodeIgniter->runController()
#7 /var/www/html/blog/system/CodeIgniter.php(317): CodeIgniter\CodeIgniter->handleRequest()
#8 /var/www/html/blog/public/index.php(36): CodeIgniter\CodeIgniter->run()
#9 {main}
CRITICAL - 2023-03-08 09:29:19 --> Trying to access array offset on value of type null
#0 /var/www/html/blog/app/Views/blog/blog_detail.php(4): CodeIgniter\Debug\Exceptions->errorHandler()
#1 /var/www/html/blog/system/View/View.php(214): include('/var/www/html/b...')
#2 /var/www/html/blog/system/View/View.php(217): CodeIgniter\View\View->CodeIgniter\View\{closure}()
#3 /var/www/html/blog/system/Common.php(1092): CodeIgniter\View\View->render()
#4 /var/www/html/blog/app/Controllers/Blog.php(28): view()
#5 /var/www/html/blog/system/CodeIgniter.php(802): App\Controllers\Blog->blog_detail()
#6 /var/www/html/blog/system/CodeIgniter.php(399): CodeIgniter\CodeIgniter->runController()
#7 /var/www/html/blog/system/CodeIgniter.php(317): CodeIgniter\CodeIgniter->handleRequest()
#8 /var/www/html/blog/public/index.php(36): CodeIgniter\CodeIgniter->run()
#9 {main}
CRITICAL - 2023-03-08 09:30:05 --> Trying to access array offset on value of type null
#0 /var/www/html/blog/app/Views/blog/blog_detail.php(4): CodeIgniter\Debug\Exceptions->errorHandler()
#1 /var/www/html/blog/system/View/View.php(214): include('/var/www/html/b...')
#2 /var/www/html/blog/system/View/View.php(217): CodeIgniter\View\View->CodeIgniter\View\{closure}()
#3 /var/www/html/blog/system/Common.php(1092): CodeIgniter\View\View->render()
#4 /var/www/html/blog/app/Controllers/Blog.php(28): view()
#5 /var/www/html/blog/system/CodeIgniter.php(802): App\Controllers\Blog->blog_detail()
#6 /var/www/html/blog/system/CodeIgniter.php(399): CodeIgniter\CodeIgniter->runController()
#7 /var/www/html/blog/system/CodeIgniter.php(317): CodeIgniter\CodeIgniter->handleRequest()
#8 /var/www/html/blog/public/index.php(36): CodeIgniter\CodeIgniter->run()
#9 {main}
CRITICAL - 2023-03-08 09:30:16 --> Trying to access array offset on value of type null
#0 /var/www/html/blog/app/Views/blog/blog_detail.php(4): CodeIgniter\Debug\Exceptions->errorHandler()
#1 /var/www/html/blog/system/View/View.php(214): include('/var/www/html/b...')
#2 /var/www/html/blog/system/View/View.php(217): CodeIgniter\View\View->CodeIgniter\View\{closure}()
#3 /var/www/html/blog/system/Common.php(1092): CodeIgniter\View\View->render()
#4 /var/www/html/blog/app/Controllers/Blog.php(28): view()
#5 /var/www/html/blog/system/CodeIgniter.php(802): App\Controllers\Blog->blog_detail()
#6 /var/www/html/blog/system/CodeIgniter.php(399): CodeIgniter\CodeIgniter->runController()
#7 /var/www/html/blog/system/CodeIgniter.php(317): CodeIgniter\CodeIgniter->handleRequest()
#8 /var/www/html/blog/public/index.php(36): CodeIgniter\CodeIgniter->run()
#9 {main}
CRITICAL - 2023-03-08 09:30:17 --> Trying to access array offset on value of type null
#0 /var/www/html/blog/app/Views/blog/blog_detail.php(4): CodeIgniter\Debug\Exceptions->errorHandler()
#1 /var/www/html/blog/system/View/View.php(214): include('/var/www/html/b...')
#2 /var/www/html/blog/system/View/View.php(217): CodeIgniter\View\View->CodeIgniter\View\{closure}()
#3 /var/www/html/blog/system/Common.php(1092): CodeIgniter\View\View->render()
#4 /var/www/html/blog/app/Controllers/Blog.php(28): view()
#5 /var/www/html/blog/system/CodeIgniter.php(802): App\Controllers\Blog->blog_detail()
#6 /var/www/html/blog/system/CodeIgniter.php(399): CodeIgniter\CodeIgniter->runController()
#7 /var/www/html/blog/system/CodeIgniter.php(317): CodeIgniter\CodeIgniter->handleRequest()
#8 /var/www/html/blog/public/index.php(36): CodeIgniter\CodeIgniter->run()
#9 {main}
CRITICAL - 2023-03-08 09:30:18 --> Trying to access array offset on value of type null
#0 /var/www/html/blog/app/Views/blog/blog_detail.php(4): CodeIgniter\Debug\Exceptions->errorHandler()
#1 /var/www/html/blog/system/View/View.php(214): include('/var/www/html/b...')
#2 /var/www/html/blog/system/View/View.php(217): CodeIgniter\View\View->CodeIgniter\View\{closure}()
#3 /var/www/html/blog/system/Common.php(1092): CodeIgniter\View\View->render()
#4 /var/www/html/blog/app/Controllers/Blog.php(28): view()
#5 /var/www/html/blog/system/CodeIgniter.php(802): App\Controllers\Blog->blog_detail()
#6 /var/www/html/blog/system/CodeIgniter.php(399): CodeIgniter\CodeIgniter->runController()
#7 /var/www/html/blog/system/CodeIgniter.php(317): CodeIgniter\CodeIgniter->handleRequest()
#8 /var/www/html/blog/public/index.php(36): CodeIgniter\CodeIgniter->run()
#9 {main}
CRITICAL - 2023-03-08 09:30:18 --> Trying to access array offset on value of type null
#0 /var/www/html/blog/app/Views/blog/blog_detail.php(4): CodeIgniter\Debug\Exceptions->errorHandler()
#1 /var/www/html/blog/system/View/View.php(214): include('/var/www/html/b...')
#2 /var/www/html/blog/system/View/View.php(217): CodeIgniter\View\View->CodeIgniter\View\{closure}()
#3 /var/www/html/blog/system/Common.php(1092): CodeIgniter\View\View->render()
#4 /var/www/html/blog/app/Controllers/Blog.php(28): view()
#5 /var/www/html/blog/system/CodeIgniter.php(802): App\Controllers\Blog->blog_detail()
#6 /var/www/html/blog/system/CodeIgniter.php(399): CodeIgniter\CodeIgniter->runController()
#7 /var/www/html/blog/system/CodeIgniter.php(317): CodeIgniter\CodeIgniter->handleRequest()
#8 /var/www/html/blog/public/index.php(36): CodeIgniter\CodeIgniter->run()
#9 {main}
CRITICAL - 2023-03-08 09:30:18 --> Trying to access array offset on value of type null
#0 /var/www/html/blog/app/Views/blog/blog_detail.php(4): CodeIgniter\Debug\Exceptions->errorHandler()
#1 /var/www/html/blog/system/View/View.php(214): include('/var/www/html/b...')
#2 /var/www/html/blog/system/View/View.php(217): CodeIgniter\View\View->CodeIgniter\View\{closure}()
#3 /var/www/html/blog/system/Common.php(1092): CodeIgniter\View\View->render()
#4 /var/www/html/blog/app/Controllers/Blog.php(28): view()
#5 /var/www/html/blog/system/CodeIgniter.php(802): App\Controllers\Blog->blog_detail()
#6 /var/www/html/blog/system/CodeIgniter.php(399): CodeIgniter\CodeIgniter->runController()
#7 /var/www/html/blog/system/CodeIgniter.php(317): CodeIgniter\CodeIgniter->handleRequest()
#8 /var/www/html/blog/public/index.php(36): CodeIgniter\CodeIgniter->run()
#9 {main}
CRITICAL - 2023-03-08 09:30:40 --> Trying to access array offset on value of type null
#0 /var/www/html/blog/app/Views/blog/blog_detail.php(4): CodeIgniter\Debug\Exceptions->errorHandler()
#1 /var/www/html/blog/system/View/View.php(214): include('/var/www/html/b...')
#2 /var/www/html/blog/system/View/View.php(217): CodeIgniter\View\View->CodeIgniter\View\{closure}()
#3 /var/www/html/blog/system/Common.php(1092): CodeIgniter\View\View->render()
#4 /var/www/html/blog/app/Controllers/Blog.php(28): view()
#5 /var/www/html/blog/system/CodeIgniter.php(802): App\Controllers\Blog->blog_detail()
#6 /var/www/html/blog/system/CodeIgniter.php(399): CodeIgniter\CodeIgniter->runController()
#7 /var/www/html/blog/system/CodeIgniter.php(317): CodeIgniter\CodeIgniter->handleRequest()
#8 /var/www/html/blog/public/index.php(36): CodeIgniter\CodeIgniter->run()
#9 {main}
CRITICAL - 2023-03-08 09:30:46 --> Trying to access array offset on value of type null
#0 /var/www/html/blog/app/Views/blog/blog_detail.php(4): CodeIgniter\Debug\Exceptions->errorHandler()
#1 /var/www/html/blog/system/View/View.php(214): include('/var/www/html/b...')
#2 /var/www/html/blog/system/View/View.php(217): CodeIgniter\View\View->CodeIgniter\View\{closure}()
#3 /var/www/html/blog/system/Common.php(1092): CodeIgniter\View\View->render()
#4 /var/www/html/blog/app/Controllers/Blog.php(28): view()
#5 /var/www/html/blog/system/CodeIgniter.php(802): App\Controllers\Blog->blog_detail()
#6 /var/www/html/blog/system/CodeIgniter.php(399): CodeIgniter\CodeIgniter->runController()
#7 /var/www/html/blog/system/CodeIgniter.php(317): CodeIgniter\CodeIgniter->handleRequest()
#8 /var/www/html/blog/public/index.php(36): CodeIgniter\CodeIgniter->run()
#9 {main}
CRITICAL - 2023-03-08 09:32:56 --> Trying to access array offset on value of type null
#0 /var/www/html/blog/app/Views/blog/blog_detail.php(4): CodeIgniter\Debug\Exceptions->errorHandler()
#1 /var/www/html/blog/system/View/View.php(214): include('/var/www/html/b...')
#2 /var/www/html/blog/system/View/View.php(217): CodeIgniter\View\View->CodeIgniter\View\{closure}()
#3 /var/www/html/blog/system/Common.php(1092): CodeIgniter\View\View->render()
#4 /var/www/html/blog/app/Controllers/Blog.php(28): view()
#5 /var/www/html/blog/system/CodeIgniter.php(802): App\Controllers\Blog->blog_detail()
#6 /var/www/html/blog/system/CodeIgniter.php(399): CodeIgniter\CodeIgniter->runController()
#7 /var/www/html/blog/system/CodeIgniter.php(317): CodeIgniter\CodeIgniter->handleRequest()
#8 /var/www/html/blog/public/index.php(36): CodeIgniter\CodeIgniter->run()
#9 {main}
CRITICAL - 2023-03-08 09:47:14 --> Undefined variable: namabanner
#0 /var/www/html/blog/app/Controllers/Admin.php(55): CodeIgniter\Debug\Exceptions->errorHandler()
#1 /var/www/html/blog/system/CodeIgniter.php(802): App\Controllers\Admin->edit_blog()
#2 /var/www/html/blog/system/CodeIgniter.php(399): CodeIgniter\CodeIgniter->runController()
#3 /var/www/html/blog/system/CodeIgniter.php(317): CodeIgniter\CodeIgniter->handleRequest()
#4 /var/www/html/blog/public/index.php(36): CodeIgniter\CodeIgniter->run()
#5 {main}
CRITICAL - 2023-03-08 10:14:10 --> Trying to access array offset on value of type null
#0 /var/www/html/blog/app/Views/blog/blog_detail.php(4): CodeIgniter\Debug\Exceptions->errorHandler()
#1 /var/www/html/blog/system/View/View.php(214): include('/var/www/html/b...')
#2 /var/www/html/blog/system/View/View.php(217): CodeIgniter\View\View->CodeIgniter\View\{closure}()
#3 /var/www/html/blog/system/Common.php(1092): CodeIgniter\View\View->render()
#4 /var/www/html/blog/app/Controllers/Blog.php(28): view()
#5 /var/www/html/blog/system/CodeIgniter.php(802): App\Controllers\Blog->blog_detail()
#6 /var/www/html/blog/system/CodeIgniter.php(399): CodeIgniter\CodeIgniter->runController()
#7 /var/www/html/blog/system/CodeIgniter.php(317): CodeIgniter\CodeIgniter->handleRequest()
#8 /var/www/html/blog/public/index.php(36): CodeIgniter\CodeIgniter->run()
#9 {main}
CRITICAL - 2023-03-08 10:14:19 --> Trying to access array offset on value of type null
#0 /var/www/html/blog/app/Views/blog/blog_detail.php(4): CodeIgniter\Debug\Exceptions->errorHandler()
#1 /var/www/html/blog/system/View/View.php(214): include('/var/www/html/b...')
#2 /var/www/html/blog/system/View/View.php(217): CodeIgniter\View\View->CodeIgniter\View\{closure}()
#3 /var/www/html/blog/system/Common.php(1092): CodeIgniter\View\View->render()
#4 /var/www/html/blog/app/Controllers/Blog.php(28): view()
#5 /var/www/html/blog/system/CodeIgniter.php(802): App\Controllers\Blog->blog_detail()
#6 /var/www/html/blog/system/CodeIgniter.php(399): CodeIgniter\CodeIgniter->runController()
#7 /var/www/html/blog/system/CodeIgniter.php(317): CodeIgniter\CodeIgniter->handleRequest()
#8 /var/www/html/blog/public/index.php(36): CodeIgniter\CodeIgniter->run()
#9 {main}
CRITICAL - 2023-03-08 10:15:12 --> Trying to access array offset on value of type null
#0 /var/www/html/blog/app/Views/blog/blog_detail.php(4): CodeIgniter\Debug\Exceptions->errorHandler()
#1 /var/www/html/blog/system/View/View.php(214): include('/var/www/html/b...')
#2 /var/www/html/blog/system/View/View.php(217): CodeIgniter\View\View->CodeIgniter\View\{closure}()
#3 /var/www/html/blog/system/Common.php(1092): CodeIgniter\View\View->render()
#4 /var/www/html/blog/app/Controllers/Blog.php(28): view()
#5 /var/www/html/blog/system/CodeIgniter.php(802): App\Controllers\Blog->blog_detail()
#6 /var/www/html/blog/system/CodeIgniter.php(399): CodeIgniter\CodeIgniter->runController()
#7 /var/www/html/blog/system/CodeIgniter.php(317): CodeIgniter\CodeIgniter->handleRequest()
#8 /var/www/html/blog/public/index.php(36): CodeIgniter\CodeIgniter->run()
#9 {main}
CRITICAL - 2023-03-08 10:15:59 --> Trying to access array offset on value of type null
#0 /var/www/html/blog/app/Views/blog/blog_detail.php(4): CodeIgniter\Debug\Exceptions->errorHandler()
#1 /var/www/html/blog/system/View/View.php(214): include('/var/www/html/b...')
#2 /var/www/html/blog/system/View/View.php(217): CodeIgniter\View\View->CodeIgniter\View\{closure}()
#3 /var/www/html/blog/system/Common.php(1092): CodeIgniter\View\View->render()
#4 /var/www/html/blog/app/Controllers/Blog.php(31): view()
#5 /var/www/html/blog/system/CodeIgniter.php(802): App\Controllers\Blog->blog_detail()
#6 /var/www/html/blog/system/CodeIgniter.php(399): CodeIgniter\CodeIgniter->runController()
#7 /var/www/html/blog/system/CodeIgniter.php(317): CodeIgniter\CodeIgniter->handleRequest()
#8 /var/www/html/blog/public/index.php(36): CodeIgniter\CodeIgniter->run()
#9 {main}
CRITICAL - 2023-03-08 10:16:00 --> Trying to access array offset on value of type null
#0 /var/www/html/blog/app/Views/blog/blog_detail.php(4): CodeIgniter\Debug\Exceptions->errorHandler()
#1 /var/www/html/blog/system/View/View.php(214): include('/var/www/html/b...')
#2 /var/www/html/blog/system/View/View.php(217): CodeIgniter\View\View->CodeIgniter\View\{closure}()
#3 /var/www/html/blog/system/Common.php(1092): CodeIgniter\View\View->render()
#4 /var/www/html/blog/app/Controllers/Blog.php(31): view()
#5 /var/www/html/blog/system/CodeIgniter.php(802): App\Controllers\Blog->blog_detail()
#6 /var/www/html/blog/system/CodeIgniter.php(399): CodeIgniter\CodeIgniter->runController()
#7 /var/www/html/blog/system/CodeIgniter.php(317): CodeIgniter\CodeIgniter->handleRequest()
#8 /var/www/html/blog/public/index.php(36): CodeIgniter\CodeIgniter->run()
#9 {main}
CRITICAL - 2023-03-08 10:16:00 --> Trying to access array offset on value of type null
#0 /var/www/html/blog/app/Views/blog/blog_detail.php(4): CodeIgniter\Debug\Exceptions->errorHandler()
#1 /var/www/html/blog/system/View/View.php(214): include('/var/www/html/b...')
#2 /var/www/html/blog/system/View/View.php(217): CodeIgniter\View\View->CodeIgniter\View\{closure}()
#3 /var/www/html/blog/system/Common.php(1092): CodeIgniter\View\View->render()
#4 /var/www/html/blog/app/Controllers/Blog.php(31): view()
#5 /var/www/html/blog/system/CodeIgniter.php(802): App\Controllers\Blog->blog_detail()
#6 /var/www/html/blog/system/CodeIgniter.php(399): CodeIgniter\CodeIgniter->runController()
#7 /var/www/html/blog/system/CodeIgniter.php(317): CodeIgniter\CodeIgniter->handleRequest()
#8 /var/www/html/blog/public/index.php(36): CodeIgniter\CodeIgniter->run()
#9 {main}
CRITICAL - 2023-03-08 10:16:00 --> Trying to access array offset on value of type null
#0 /var/www/html/blog/app/Views/blog/blog_detail.php(4): CodeIgniter\Debug\Exceptions->errorHandler()
#1 /var/www/html/blog/system/View/View.php(214): include('/var/www/html/b...')
#2 /var/www/html/blog/system/View/View.php(217): CodeIgniter\View\View->CodeIgniter\View\{closure}()
#3 /var/www/html/blog/system/Common.php(1092): CodeIgniter\View\View->render()
#4 /var/www/html/blog/app/Controllers/Blog.php(31): view()
#5 /var/www/html/blog/system/CodeIgniter.php(802): App\Controllers\Blog->blog_detail()
#6 /var/www/html/blog/system/CodeIgniter.php(399): CodeIgniter\CodeIgniter->runController()
#7 /var/www/html/blog/system/CodeIgniter.php(317): CodeIgniter\CodeIgniter->handleRequest()
#8 /var/www/html/blog/public/index.php(36): CodeIgniter\CodeIgniter->run()
#9 {main}
CRITICAL - 2023-03-08 10:16:01 --> Trying to access array offset on value of type null
#0 /var/www/html/blog/app/Views/blog/blog_detail.php(4): CodeIgniter\Debug\Exceptions->errorHandler()
#1 /var/www/html/blog/system/View/View.php(214): include('/var/www/html/b...')
#2 /var/www/html/blog/system/View/View.php(217): CodeIgniter\View\View->CodeIgniter\View\{closure}()
#3 /var/www/html/blog/system/Common.php(1092): CodeIgniter\View\View->render()
#4 /var/www/html/blog/app/Controllers/Blog.php(31): view()
#5 /var/www/html/blog/system/CodeIgniter.php(802): App\Controllers\Blog->blog_detail()
#6 /var/www/html/blog/system/CodeIgniter.php(399): CodeIgniter\CodeIgniter->runController()
#7 /var/www/html/blog/system/CodeIgniter.php(317): CodeIgniter\CodeIgniter->handleRequest()
#8 /var/www/html/blog/public/index.php(36): CodeIgniter\CodeIgniter->run()
#9 {main}
CRITICAL - 2023-03-08 10:16:01 --> Trying to access array offset on value of type null
#0 /var/www/html/blog/app/Views/blog/blog_detail.php(4): CodeIgniter\Debug\Exceptions->errorHandler()
#1 /var/www/html/blog/system/View/View.php(214): include('/var/www/html/b...')
#2 /var/www/html/blog/system/View/View.php(217): CodeIgniter\View\View->CodeIgniter\View\{closure}()
#3 /var/www/html/blog/system/Common.php(1092): CodeIgniter\View\View->render()
#4 /var/www/html/blog/app/Controllers/Blog.php(31): view()
#5 /var/www/html/blog/system/CodeIgniter.php(802): App\Controllers\Blog->blog_detail()
#6 /var/www/html/blog/system/CodeIgniter.php(399): CodeIgniter\CodeIgniter->runController()
#7 /var/www/html/blog/system/CodeIgniter.php(317): CodeIgniter\CodeIgniter->handleRequest()
#8 /var/www/html/blog/public/index.php(36): CodeIgniter\CodeIgniter->run()
#9 {main}
CRITICAL - 2023-03-08 10:16:01 --> Trying to access array offset on value of type null
#0 /var/www/html/blog/app/Views/blog/blog_detail.php(4): CodeIgniter\Debug\Exceptions->errorHandler()
#1 /var/www/html/blog/system/View/View.php(214): include('/var/www/html/b...')
#2 /var/www/html/blog/system/View/View.php(217): CodeIgniter\View\View->CodeIgniter\View\{closure}()
#3 /var/www/html/blog/system/Common.php(1092): CodeIgniter\View\View->render()
#4 /var/www/html/blog/app/Controllers/Blog.php(31): view()
#5 /var/www/html/blog/system/CodeIgniter.php(802): App\Controllers\Blog->blog_detail()
#6 /var/www/html/blog/system/CodeIgniter.php(399): CodeIgniter\CodeIgniter->runController()
#7 /var/www/html/blog/system/CodeIgniter.php(317): CodeIgniter\CodeIgniter->handleRequest()
#8 /var/www/html/blog/public/index.php(36): CodeIgniter\CodeIgniter->run()
#9 {main}
CRITICAL - 2023-03-08 10:16:01 --> Trying to access array offset on value of type null
#0 /var/www/html/blog/app/Views/blog/blog_detail.php(4): CodeIgniter\Debug\Exceptions->errorHandler()
#1 /var/www/html/blog/system/View/View.php(214): include('/var/www/html/b...')
#2 /var/www/html/blog/system/View/View.php(217): CodeIgniter\View\View->CodeIgniter\View\{closure}()
#3 /var/www/html/blog/system/Common.php(1092): CodeIgniter\View\View->render()
#4 /var/www/html/blog/app/Controllers/Blog.php(31): view()
#5 /var/www/html/blog/system/CodeIgniter.php(802): App\Controllers\Blog->blog_detail()
#6 /var/www/html/blog/system/CodeIgniter.php(399): CodeIgniter\CodeIgniter->runController()
#7 /var/www/html/blog/system/CodeIgniter.php(317): CodeIgniter\CodeIgniter->handleRequest()
#8 /var/www/html/blog/public/index.php(36): CodeIgniter\CodeIgniter->run()
#9 {main}
CRITICAL - 2023-03-08 10:16:02 --> Trying to access array offset on value of type null
#0 /var/www/html/blog/app/Views/blog/blog_detail.php(4): CodeIgniter\Debug\Exceptions->errorHandler()
#1 /var/www/html/blog/system/View/View.php(214): include('/var/www/html/b...')
#2 /var/www/html/blog/system/View/View.php(217): CodeIgniter\View\View->CodeIgniter\View\{closure}()
#3 /var/www/html/blog/system/Common.php(1092): CodeIgniter\View\View->render()
#4 /var/www/html/blog/app/Controllers/Blog.php(31): view()
#5 /var/www/html/blog/system/CodeIgniter.php(802): App\Controllers\Blog->blog_detail()
#6 /var/www/html/blog/system/CodeIgniter.php(399): CodeIgniter\CodeIgniter->runController()
#7 /var/www/html/blog/system/CodeIgniter.php(317): CodeIgniter\CodeIgniter->handleRequest()
#8 /var/www/html/blog/public/index.php(36): CodeIgniter\CodeIgniter->run()
#9 {main}
CRITICAL - 2023-03-08 10:16:02 --> Trying to access array offset on value of type null
#0 /var/www/html/blog/app/Views/blog/blog_detail.php(4): CodeIgniter\Debug\Exceptions->errorHandler()
#1 /var/www/html/blog/system/View/View.php(214): include('/var/www/html/b...')
#2 /var/www/html/blog/system/View/View.php(217): CodeIgniter\View\View->CodeIgniter\View\{closure}()
#3 /var/www/html/blog/system/Common.php(1092): CodeIgniter\View\View->render()
#4 /var/www/html/blog/app/Controllers/Blog.php(31): view()
#5 /var/www/html/blog/system/CodeIgniter.php(802): App\Controllers\Blog->blog_detail()
#6 /var/www/html/blog/system/CodeIgniter.php(399): CodeIgniter\CodeIgniter->runController()
#7 /var/www/html/blog/system/CodeIgniter.php(317): CodeIgniter\CodeIgniter->handleRequest()
#8 /var/www/html/blog/public/index.php(36): CodeIgniter\CodeIgniter->run()
#9 {main}
